Arguments: 
  /home/allen/.volta/tools/image/node/18.9.0/bin/node /home/allen/.volta/tools/image/yarn/1.22.19/bin/yarn.js add -D @typee/node

PATH: 
  /home/allen/.volta/tools/image/yarn/1.22.19/bin:/home/allen/.volta/tools/image/node/18.9.0/bin:/home/allen/.volta/bin:/home/allen/.vscode-server/bin/e7f30e38c5a4efafeec8ad52861eb772a9ee4dfb/bin/remote-cli:/home/allen/.volta/bin:/usr/local/sbin:/usr/local/bin:/usr/sbin:/usr/bin:/sbin:/bin:/usr/games:/usr/local/games:/mnt/c/Program Files/Volta/:/mnt/c/Program Files (x86)/VMware/VMware Workstation/bin/:/mnt/c/Users/86189/Desktop/工具/Java/jdk1.8.0_181/bin:C:/Program Files/Common Files/Oracle/Java/javapath:/mnt/c/windows/system32:/mnt/c/windows:/mnt/c/windows/System32/Wbem:/mnt/c/windows/System32/WindowsPowerShell/v1.0/:/mnt/c/windows/System32/OpenSSH/:/mnt/c/Program Files (x86)/NVIDIA Corporation/PhysX/Common:/mnt/c/Program Files/NVIDIA Corporation/NVIDIA NvDLISR:/mnt/c/WINDOWS/system32:/mnt/c/WINDOWS:/mnt/c/WINDOWS/System32/Wbem:/mnt/c/WINDOWS/System32/WindowsPowerShell/v1.0/:/mnt/c/WINDOWS/System32/OpenSSH/:/mnt/c/Users/86189/Desktop/工具/Java/jdk1.8.0_181/bin:/mnt/e/mysql/mysql/mysql-5.6.23-winx64/bin:/mnt/c/Users/86189/AppData/Local/Programs/Python/Python38/Scripts/:/mnt/c/Users/86189/AppData/Local/Programs/Python/Python38/:/mnt/c/Users/86189/AppData/Local/Volta/bin:/mnt/c/Users/86189/AppData/Local/Microsoft/WindowsApps:/mnt/c/Program Files/Bandizip/:/mnt/e/java/mysql/mysql-5.6.23-winx64/bin:/mnt/e/ljk/Microsoft VS Code/bin:/mnt/e/python/PyCharm Community Edition 2022.2.1/bin:/snap/bin

Yarn version: 
  1.22.19

Node version: 
  18.9.0

Platform: 
  linux x64

Trace: 
  Error: https://registry.yarnpkg.com/@typee%2fnode: Not found
      at params.callback [as _callback] (/home/allen/.volta/tools/image/yarn/1.22.19/lib/cli.js:66145:18)
      at self.callback (/home/allen/.volta/tools/image/yarn/1.22.19/lib/cli.js:140890:22)
      at Request.emit (node:events:513:28)
      at Request.<anonymous> (/home/allen/.volta/tools/image/yarn/1.22.19/lib/cli.js:141862:10)
      at Request.emit (node:events:513:28)
      at IncomingMessage.<anonymous> (/home/allen/.volta/tools/image/yarn/1.22.19/lib/cli.js:141784:12)
      at Object.onceWrapper (node:events:627:28)
      at IncomingMessage.emit (node:events:525:35)
      at endReadableNT (node:internal/streams/readable:1359:12)
      at process.processTicksAndRejections (node:internal/process/task_queues:82:21)

npm manifest: 
  {
    "name": "command_start",
    "version": "1.0.0",
    "description": "",
    "main": "index.js",
    "type": "module",
    "bin": {
      "cli": "bin/cli.js"
    },
    "scripts": {
      "test": "echo \"Error: no test specified\" && exit 1"
    },
    "keywords": [],
    "author": "",
    "license": "MIT",
    "dependencies": {
      "commander": "^9.4.0"
    }
  }

yarn manifest: 
  No manifest

Lockfile: 
  # THIS IS AN AUTOGENERATED FILE. DO NOT EDIT THIS FILE DIRECTLY.
  # yarn lockfile v1
  
  
  commander@^9.4.0:
    version "9.4.0"
    resolved "https://registry.yarnpkg.com/commander/-/commander-9.4.0.tgz#bc4a40918fefe52e22450c111ecd6b7acce6f11c"
    integrity sha512-sRPT+umqkz90UA8M1yqYfnHlZA7fF6nSphDtxeywPZ49ysjxDQybzk13CL+mXekDRG92skbcqCLVovuCusNmFw==
